An error of type AA Warning (# 512) happened to s2a generator at Thu, 16 Jul 2009 16:41:29 +0200.
Module 'act', File /var/www/s2a/lib/includes/general_util.php, line 580:
_doQuery: [Error message: Could not execute statement]
[Last executed query: INSERT INTO modgt (ModuleID, Duration, _ModDate, _ModBy, _Deleted) VALUES ('act', 1,47, NOW(), 0, 0);]
[Native code: 1136]
[Native message: Column count doesn't match value count at row 1]


backtrace:
(1) function trigger_error, file /var/www/s2a/lib/includes/general_util.php,  line 580
(2) function mdb2ErrorCheck, file /var/www/s2a/s2a-generate-module.php,  line 958
(3) function CreateModule, file /var/www/s2a/s2a-generate-module.php,  line 2407

- - - - -

An error of type AA Warning (# 512) happened to s2a generator at Thu, 16 Jul 2009 16:41:30 +0200.
Module 'att', File /var/www/s2a/lib/includes/general_util.php, line 580:
_doQuery: [Error message: Could not execute statement]
[Last executed query: INSERT INTO modgt (ModuleID, Duration, _ModDate, _ModBy, _Deleted) VALUES ('att', 0,73, NOW(), 0, 0);]
[Native code: 1136]
[Native message: Column count doesn't match value count at row 1]


backtrace:
(1) function trigger_error, file /var/www/s2a/lib/includes/general_util.php,  line 580
(2) function mdb2ErrorCheck, file /var/www/s2a/s2a-generate-module.php,  line 958
(3) function CreateModule, file /var/www/s2a/s2a-generate-module.php,  line 2407

- - - - -

An error of type AA Warning (# 512) happened to s2a generator at Thu, 16 Jul 2009 16:41:31 +0200.
Module 'ccs', File /var/www/s2a/lib/includes/general_util.php, line 580:
_doQuery: [Error message: Could not execute statement]
[Last executed query: INSERT INTO modgt (ModuleID, Duration, _ModDate, _ModBy, _Deleted) VALUES ('ccs', 0,23, NOW(), 0, 0);]
[Native code: 1136]
[Native message: Column count doesn't match value count at row 1]


backtrace:
(1) function trigger_error, file /var/www/s2a/lib/includes/general_util.php,  line 580
(2) function mdb2ErrorCheck, file /var/www/s2a/s2a-generate-module.php,  line 958
(3) function CreateModule, file /var/www/s2a/s2a-generate-module.php,  line 2407

- - - - -

An error of type AA Warning (# 512) happened to s2a generator at Thu, 16 Jul 2009 16:41:31 +0200.
Module 'cod', File /var/www/s2a/lib/includes/general_util.php, line 580:
_doQuery: [Error message: Could not execute statement]
[Last executed query: INSERT INTO modgt (ModuleID, Duration, _ModDate, _ModBy, _Deleted) VALUES ('cod', 0,36, NOW(), 0, 0);]
[Native code: 1136]
[Native message: Column count doesn't match value count at row 1]


backtrace:
(1) function trigger_error, file /var/www/s2a/lib/includes/general_util.php,  line 580
(2) function mdb2ErrorCheck, file /var/www/s2a/s2a-generate-module.php,  line 958
(3) function CreateModule, file /var/www/s2a/s2a-generate-module.php,  line 2407

- - - - -

An error of type AA Warning (# 512) happened to s2a generator at Thu, 16 Jul 2009 16:41:32 +0200.
Module 'codt', File /var/www/s2a/lib/includes/general_util.php, line 580:
_doQuery: [Error message: Could not execute statement]
[Last executed query: INSERT INTO modgt (ModuleID, Duration, _ModDate, _ModBy, _Deleted) VALUES ('codt', 0,56, NOW(), 0, 0);]
[Native code: 1136]
[Native message: Column count doesn't match value count at row 1]


backtrace:
(1) function trigger_error, file /var/www/s2a/lib/includes/general_util.php,  line 580
(2) function mdb2ErrorCheck, file /var/www/s2a/s2a-generate-module.php,  line 958
(3) function CreateModule, file /var/www/s2a/s2a-generate-module.php,  line 2407

- - - - -

An error of type AA Warning (# 512) happened to s2a generator at Thu, 16 Jul 2009 16:41:33 +0200.
Module 'codtd', File /var/www/s2a/lib/includes/general_util.php, line 580:
_doQuery: [Error message: Could not execute statement]
[Last executed query: INSERT INTO modgt (ModuleID, Duration, _ModDate, _ModBy, _Deleted) VALUES ('codtd', 0,45, NOW(), 0, 0);]
[Native code: 1136]
[Native message: Column count doesn't match value count at row 1]


backtrace:
(1) function trigger_error, file /var/www/s2a/lib/includes/general_util.php,  line 580
(2) function mdb2ErrorCheck, file /var/www/s2a/s2a-generate-module.php,  line 958
(3) function CreateModule, file /var/www/s2a/s2a-generate-module.php,  line 2407

- - - - -

An error of type AA Warning (# 512) happened to s2a generator at Thu, 16 Jul 2009 16:41:34 +0200.
Module 'cos', File /var/www/s2a/lib/includes/general_util.php, line 580:
_doQuery: [Error message: Could not execute statement]
[Last executed query: INSERT INTO modgt (ModuleID, Duration, _ModDate, _ModBy, _Deleted) VALUES ('cos', 1,09, NOW(), 0, 0);]
[Native code: 1136]
[Native message: Column count doesn't match value count at row 1]


backtrace:
(1) function trigger_error, file /var/www/s2a/lib/includes/general_util.php,  line 580
(2) function mdb2ErrorCheck, file /var/www/s2a/s2a-generate-module.php,  line 958
(3) function CreateModule, file /var/www/s2a/s2a-generate-module.php,  line 2407

- - - - -

An error of type AA Warning (# 512) happened to s2a generator at Thu, 16 Jul 2009 16:41:35 +0200.
Module 'cost', File /var/www/s2a/lib/includes/general_util.php, line 580:
_doQuery: [Error message: Could not execute statement]
[Last executed query: INSERT INTO modgt (ModuleID, Duration, _ModDate, _ModBy, _Deleted) VALUES ('cost', 0,55, NOW(), 0, 0);]
[Native code: 1136]
[Native message: Column count doesn't match value count at row 1]


backtrace:
(1) function trigger_error, file /var/www/s2a/lib/includes/general_util.php,  line 580
(2) function mdb2ErrorCheck, file /var/www/s2a/s2a-generate-module.php,  line 958
(3) function CreateModule, file /var/www/s2a/s2a-generate-module.php,  line 2407

- - - - -

An error of type AA Warning (# 512) happened to s2a generator at Thu, 16 Jul 2009 16:41:35 +0200.
Module 'cti', File /var/www/s2a/lib/includes/general_util.php, line 580:
_doQuery: [Error message: Could not execute statement]
[Last executed query: INSERT INTO modgt (ModuleID, Duration, _ModDate, _ModBy, _Deleted) VALUES ('cti', 0,41, NOW(), 0, 0);]
[Native code: 1136]
[Native message: Column count doesn't match value count at row 1]


backtrace:
(1) function trigger_error, file /var/www/s2a/lib/includes/general_util.php,  line 580
(2) function mdb2ErrorCheck, file /var/www/s2a/s2a-generate-module.php,  line 958
(3) function CreateModule, file /var/www/s2a/s2a-generate-module.php,  line 2407

- - - - -

An error of type AA Warning (# 512) happened to s2a generator at Thu, 16 Jul 2009 16:41:36 +0200.
Module 'ctr', File /var/www/s2a/lib/includes/general_util.php, line 580:
_doQuery: [Error message: Could not execute statement]
[Last executed query: INSERT INTO modgt (ModuleID, Duration, _ModDate, _ModBy, _Deleted) VALUES ('ctr', 0,42, NOW(), 0, 0);]
[Native code: 1136]
[Native message: Column count doesn't match value count at row 1]


backtrace:
(1) function trigger_error, file /var/www/s2a/lib/includes/general_util.php,  line 580
(2) function mdb2ErrorCheck, file /var/www/s2a/s2a-generate-module.php,  line 958
(3) function CreateModule, file /var/www/s2a/s2a-generate-module.php,  line 2407

- - - - -

An error of type AA Warning (# 512) happened to s2a generator at Thu, 16 Jul 2009 16:41:37 +0200.
Module 'dat', File /var/www/s2a/lib/includes/general_util.php, line 580:
_doQuery: [Error message: Could not execute statement]
[Last executed query: INSERT INTO modgt (ModuleID, Duration, _ModDate, _ModBy, _Deleted) VALUES ('dat', 0,71, NOW(), 0, 0);]
[Native code: 1136]
[Native message: Column count doesn't match value count at row 1]


backtrace:
(1) function trigger_error, file /var/www/s2a/lib/includes/general_util.php,  line 580
(2) function mdb2ErrorCheck, file /var/www/s2a/s2a-generate-module.php,  line 958
(3) function CreateModule, file /var/www/s2a/s2a-generate-module.php,  line 2407

- - - - -

An error of type AA Warning (# 512) happened to s2a generator at Thu, 16 Jul 2009 16:41:37 +0200.
Module 'dsbc', File /var/www/s2a/lib/includes/general_util.php, line 580:
_doQuery: [Error message: Could not execute statement]
[Last executed query: INSERT INTO modgt (ModuleID, Duration, _ModDate, _ModBy, _Deleted) VALUES ('dsbc', 0,3, NOW(), 0, 0);]
[Native code: 1136]
[Native message: Column count doesn't match value count at row 1]


backtrace:
(1) function trigger_error, file /var/www/s2a/lib/includes/general_util.php,  line 580
(2) function mdb2ErrorCheck, file /var/www/s2a/s2a-generate-module.php,  line 958
(3) function CreateModule, file /var/www/s2a/s2a-generate-module.php,  line 2407

- - - - -

An error of type AA Warning (# 512) happened to s2a generator at Thu, 16 Jul 2009 16:41:38 +0200.
Module 'dsbcc', File /var/www/s2a/lib/includes/general_util.php, line 580:
_doQuery: [Error message: Could not execute statement]
[Last executed query: INSERT INTO modgt (ModuleID, Duration, _ModDate, _ModBy, _Deleted) VALUES ('dsbcc', 0,28, NOW(), 0, 0);]
[Native code: 1136]
[Native message: Column count doesn't match value count at row 1]


backtrace:
(1) function trigger_error, file /var/www/s2a/lib/includes/general_util.php,  line 580
(2) function mdb2ErrorCheck, file /var/www/s2a/s2a-generate-module.php,  line 958
(3) function CreateModule, file /var/www/s2a/s2a-generate-module.php,  line 2407

- - - - -

An error of type AA Warning (# 512) happened to s2a generator at Thu, 16 Jul 2009 16:41:38 +0200.
Module 'glo', File /var/www/s2a/lib/includes/general_util.php, line 580:
_doQuery: [Error message: Could not execute statement]
[Last executed query: INSERT INTO modgt (ModuleID, Duration, _ModDate, _ModBy, _Deleted) VALUES ('glo', 0,49, NOW(), 0, 0);]
[Native code: 1136]
[Native message: Column count doesn't match value count at row 1]


backtrace:
(1) function trigger_error, file /var/www/s2a/lib/includes/general_util.php,  line 580
(2) function mdb2ErrorCheck, file /var/www/s2a/s2a-generate-module.php,  line 958
(3) function CreateModule, file /var/www/s2a/s2a-generate-module.php,  line 2407

- - - - -

An error of type AA Warning (# 512) happened to s2a generator at Thu, 16 Jul 2009 16:41:39 +0200.
Module 'inv', File /var/www/s2a/lib/includes/general_util.php, line 580:
_doQuery: [Error message: Could not execute statement]
[Last executed query: INSERT INTO modgt (ModuleID, Duration, _ModDate, _ModBy, _Deleted) VALUES ('inv', 0,81, NOW(), 0, 0);]
[Native code: 1136]
[Native message: Column count doesn't match value count at row 1]


backtrace:
(1) function trigger_error, file /var/www/s2a/lib/includes/general_util.php,  line 580
(2) function mdb2ErrorCheck, file /var/www/s2a/s2a-generate-module.php,  line 958
(3) function CreateModule, file /var/www/s2a/s2a-generate-module.php,  line 2407

- - - - -

An error of type AA Warning (# 512) happened to s2a generator at Thu, 16 Jul 2009 16:41:40 +0200.
Module 'lnk', File /var/www/s2a/lib/includes/general_util.php, line 580:
_doQuery: [Error message: Could not execute statement]
[Last executed query: INSERT INTO modgt (ModuleID, Duration, _ModDate, _ModBy, _Deleted) VALUES ('lnk', 0,7, NOW(), 0, 0);]
[Native code: 1136]
[Native message: Column count doesn't match value count at row 1]


backtrace:
(1) function trigger_error, file /var/www/s2a/lib/includes/general_util.php,  line 580
(2) function mdb2ErrorCheck, file /var/www/s2a/s2a-generate-module.php,  line 958
(3) function CreateModule, file /var/www/s2a/s2a-generate-module.php,  line 2407

- - - - -

An error of type AA Warning (# 512) happened to s2a generator at Thu, 16 Jul 2009 16:41:41 +0200.
Module 'mod', File /var/www/s2a/lib/includes/general_util.php, line 580:
_doQuery: [Error message: Could not execute statement]
[Last executed query: INSERT INTO modgt (ModuleID, Duration, _ModDate, _ModBy, _Deleted) VALUES ('mod', 0,88, NOW(), 0, 0);]
[Native code: 1136]
[Native message: Column count doesn't match value count at row 1]


backtrace:
(1) function trigger_error, file /var/www/s2a/lib/includes/general_util.php,  line 580
(2) function mdb2ErrorCheck, file /var/www/s2a/s2a-generate-module.php,  line 958
(3) function CreateModule, file /var/www/s2a/s2a-generate-module.php,  line 2407

- - - - -

An error of type AA Warning (# 512) happened to s2a generator at Thu, 16 Jul 2009 16:41:42 +0200.
Module 'modch', File /var/www/s2a/lib/includes/general_util.php, line 580:
_doQuery: [Error message: Could not execute statement]
[Last executed query: INSERT INTO modgt (ModuleID, Duration, _ModDate, _ModBy, _Deleted) VALUES ('modch', 0,33, NOW(), 0, 0);]
[Native code: 1136]
[Native message: Column count doesn't match value count at row 1]


backtrace:
(1) function trigger_error, file /var/www/s2a/lib/includes/general_util.php,  line 580
(2) function mdb2ErrorCheck, file /var/www/s2a/s2a-generate-module.php,  line 958
(3) function CreateModule, file /var/www/s2a/s2a-generate-module.php,  line 2407

- - - - -

An error of type AA Warning (# 512) happened to s2a generator at Thu, 16 Jul 2009 16:41:43 +0200.
Module 'modd', File /var/www/s2a/lib/includes/general_util.php, line 580:
_doQuery: [Error message: Could not execute statement]
[Last executed query: INSERT INTO modgt (ModuleID, Duration, _ModDate, _ModBy, _Deleted) VALUES ('modd', 0,53, NOW(), 0, 0);]
[Native code: 1136]
[Native message: Column count doesn't match value count at row 1]


backtrace:
(1) function trigger_error, file /var/www/s2a/lib/includes/general_util.php,  line 580
(2) function mdb2ErrorCheck, file /var/www/s2a/s2a-generate-module.php,  line 958
(3) function CreateModule, file /var/www/s2a/s2a-generate-module.php,  line 2407

- - - - -

An error of type AA Warning (# 512) happened to s2a generator at Thu, 16 Jul 2009 16:41:43 +0200.
Module 'modgt', File /var/www/s2a/lib/includes/general_util.php, line 580:
_doQuery: [Error message: Could not execute statement]
[Last executed query: INSERT INTO modgt (ModuleID, Duration, _ModDate, _ModBy, _Deleted) VALUES ('modgt', 0,33, NOW(), 0, 0);]
[Native code: 1136]
[Native message: Column count doesn't match value count at row 1]


backtrace:
(1) function trigger_error, file /var/www/s2a/lib/includes/general_util.php,  line 580
(2) function mdb2ErrorCheck, file /var/www/s2a/s2a-generate-module.php,  line 958
(3) function CreateModule, file /var/www/s2a/s2a-generate-module.php,  line 2407

- - - - -

An error of type AA Warning (# 512) happened to s2a generator at Thu, 16 Jul 2009 16:41:44 +0200.
Module 'modrp', File /var/www/s2a/lib/includes/general_util.php, line 580:
_doQuery: [Error message: Could not execute statement]
[Last executed query: INSERT INTO modgt (ModuleID, Duration, _ModDate, _ModBy, _Deleted) VALUES ('modrp', 0,34, NOW(), 0, 0);]
[Native code: 1136]
[Native message: Column count doesn't match value count at row 1]


backtrace:
(1) function trigger_error, file /var/www/s2a/lib/includes/general_util.php,  line 580
(2) function mdb2ErrorCheck, file /var/www/s2a/s2a-generate-module.php,  line 958
(3) function CreateModule, file /var/www/s2a/s2a-generate-module.php,  line 2407

- - - - -

An error of type AA Warning (# 512) happened to s2a generator at Thu, 16 Jul 2009 16:41:45 +0200.
Module 'nts', File /var/www/s2a/lib/includes/general_util.php, line 580:
_doQuery: [Error message: Could not execute statement]
[Last executed query: INSERT INTO modgt (ModuleID, Duration, _ModDate, _ModBy, _Deleted) VALUES ('nts', 0,82, NOW(), 0, 0);]
[Native code: 1136]
[Native message: Column count doesn't match value count at row 1]


backtrace:
(1) function trigger_error, file /var/www/s2a/lib/includes/general_util.php,  line 580
(2) function mdb2ErrorCheck, file /var/www/s2a/s2a-generate-module.php,  line 958
(3) function CreateModule, file /var/www/s2a/s2a-generate-module.php,  line 2407

- - - - -

An error of type AA Warning (# 512) happened to s2a generator at Thu, 16 Jul 2009 16:41:46 +0200.
Module 'org', File /var/www/s2a/lib/includes/general_util.php, line 580:
_doQuery: [Error message: Could not execute statement]
[Last executed query: INSERT INTO modgt (ModuleID, Duration, _ModDate, _ModBy, _Deleted) VALUES ('org', 1,55, NOW(), 0, 0);]
[Native code: 1136]
[Native message: Column count doesn't match value count at row 1]


backtrace:
(1) function trigger_error, file /var/www/s2a/lib/includes/general_util.php,  line 580
(2) function mdb2ErrorCheck, file /var/www/s2a/s2a-generate-module.php,  line 958
(3) function CreateModule, file /var/www/s2a/s2a-generate-module.php,  line 2407

- - - - -

An error of type AA Warning (# 512) happened to s2a generator at Thu, 16 Jul 2009 16:41:48 +0200.
Module 'ppl', File /var/www/s2a/lib/includes/general_util.php, line 580:
_doQuery: [Error message: Could not execute statement]
[Last executed query: INSERT INTO modgt (ModuleID, Duration, _ModDate, _ModBy, _Deleted) VALUES ('ppl', 1,18, NOW(), 0, 0);]
[Native code: 1136]
[Native message: Column count doesn't match value count at row 1]


backtrace:
(1) function trigger_error, file /var/www/s2a/lib/includes/general_util.php,  line 580
(2) function mdb2ErrorCheck, file /var/www/s2a/s2a-generate-module.php,  line 958
(3) function CreateModule, file /var/www/s2a/s2a-generate-module.php,  line 2407

- - - - -

An error of type AA Warning (# 512) happened to s2a generator at Thu, 16 Jul 2009 16:41:48 +0200.
Module 'rdc', File /var/www/s2a/lib/includes/general_util.php, line 580:
_doQuery: [Error message: Could not execute statement]
[Last executed query: INSERT INTO modgt (ModuleID, Duration, _ModDate, _ModBy, _Deleted) VALUES ('rdc', 0,54, NOW(), 0, 0);]
[Native code: 1136]
[Native message: Column count doesn't match value count at row 1]


backtrace:
(1) function trigger_error, file /var/www/s2a/lib/includes/general_util.php,  line 580
(2) function mdb2ErrorCheck, file /var/www/s2a/s2a-generate-module.php,  line 958
(3) function CreateModule, file /var/www/s2a/s2a-generate-module.php,  line 2407

- - - - -

An error of type AA Warning (# 512) happened to s2a generator at Thu, 16 Jul 2009 16:41:49 +0200.
Module 'smc', File /var/www/s2a/lib/includes/general_util.php, line 580:
_doQuery: [Error message: Could not execute statement]
[Last executed query: INSERT INTO modgt (ModuleID, Duration, _ModDate, _ModBy, _Deleted) VALUES ('smc', 0,24, NOW(), 0, 0);]
[Native code: 1136]
[Native message: Column count doesn't match value count at row 1]


backtrace:
(1) function trigger_error, file /var/www/s2a/lib/includes/general_util.php,  line 580
(2) function mdb2ErrorCheck, file /var/www/s2a/s2a-generate-module.php,  line 958
(3) function CreateModule, file /var/www/s2a/s2a-generate-module.php,  line 2407

- - - - -

An error of type AA Warning (# 512) happened to s2a generator at Thu, 16 Jul 2009 16:41:50 +0200.
Module 'spt', File /var/www/s2a/lib/includes/general_util.php, line 580:
_doQuery: [Error message: Could not execute statement]
[Last executed query: INSERT INTO modgt (ModuleID, Duration, _ModDate, _ModBy, _Deleted) VALUES ('spt', 0,69, NOW(), 0, 0);]
[Native code: 1136]
[Native message: Column count doesn't match value count at row 1]


backtrace:
(1) function trigger_error, file /var/www/s2a/lib/includes/general_util.php,  line 580
(2) function mdb2ErrorCheck, file /var/www/s2a/s2a-generate-module.php,  line 958
(3) function CreateModule, file /var/www/s2a/s2a-generate-module.php,  line 2407

- - - - -

An error of type AA Warning (# 512) happened to s2a generator at Thu, 16 Jul 2009 16:41:50 +0200.
Module 'spts', File /var/www/s2a/lib/includes/general_util.php, line 580:
_doQuery: [Error message: Could not execute statement]
[Last executed query: INSERT INTO modgt (ModuleID, Duration, _ModDate, _ModBy, _Deleted) VALUES ('spts', 0,52, NOW(), 0, 0);]
[Native code: 1136]
[Native message: Column count doesn't match value count at row 1]


backtrace:
(1) function trigger_error, file /var/www/s2a/lib/includes/general_util.php,  line 580
(2) function mdb2ErrorCheck, file /var/www/s2a/s2a-generate-module.php,  line 958
(3) function CreateModule, file /var/www/s2a/s2a-generate-module.php,  line 2407

- - - - -

An error of type AA Warning (# 512) happened to s2a generator at Thu, 16 Jul 2009 16:41:51 +0200.
Module 'sta', File /var/www/s2a/lib/includes/general_util.php, line 580:
_doQuery: [Error message: Could not execute statement]
[Last executed query: INSERT INTO modgt (ModuleID, Duration, _ModDate, _ModBy, _Deleted) VALUES ('sta', 0,64, NOW(), 0, 0);]
[Native code: 1136]
[Native message: Column count doesn't match value count at row 1]


backtrace:
(1) function trigger_error, file /var/www/s2a/lib/includes/general_util.php,  line 580
(2) function mdb2ErrorCheck, file /var/www/s2a/s2a-generate-module.php,  line 958
(3) function CreateModule, file /var/www/s2a/s2a-generate-module.php,  line 2407

- - - - -

An error of type AA Warning (# 512) happened to s2a generator at Thu, 16 Jul 2009 16:41:52 +0200.
Module 'trx', File /var/www/s2a/lib/includes/general_util.php, line 580:
_doQuery: [Error message: Could not execute statement]
[Last executed query: INSERT INTO modgt (ModuleID, Duration, _ModDate, _ModBy, _Deleted) VALUES ('trx', 0,42, NOW(), 0, 0);]
[Native code: 1136]
[Native message: Column count doesn't match value count at row 1]


backtrace:
(1) function trigger_error, file /var/www/s2a/lib/includes/general_util.php,  line 580
(2) function mdb2ErrorCheck, file /var/www/s2a/s2a-generate-module.php,  line 958
(3) function CreateModule, file /var/www/s2a/s2a-generate-module.php,  line 2407

- - - - -

An error of type AA Warning (# 512) happened to s2a generator at Thu, 16 Jul 2009 16:41:53 +0200.
Module 'trxr', File /var/www/s2a/lib/includes/general_util.php, line 580:
_doQuery: [Error message: Could not execute statement]
[Last executed query: INSERT INTO modgt (ModuleID, Duration, _ModDate, _ModBy, _Deleted) VALUES ('trxr', 0,84, NOW(), 0, 0);]
[Native code: 1136]
[Native message: Column count doesn't match value count at row 1]


backtrace:
(1) function trigger_error, file /var/www/s2a/lib/includes/general_util.php,  line 580
(2) function mdb2ErrorCheck, file /var/www/s2a/s2a-generate-module.php,  line 958
(3) function CreateModule, file /var/www/s2a/s2a-generate-module.php,  line 2407

- - - - -

An error of type AA Warning (# 512) happened to s2a generator at Thu, 16 Jul 2009 16:41:53 +0200.
Module 'tut', File /var/www/s2a/lib/includes/general_util.php, line 580:
_doQuery: [Error message: Could not execute statement]
[Last executed query: INSERT INTO modgt (ModuleID, Duration, _ModDate, _ModBy, _Deleted) VALUES ('tut', 0,17, NOW(), 0, 0);]
[Native code: 1136]
[Native message: Column count doesn't match value count at row 1]


backtrace:
(1) function trigger_error, file /var/www/s2a/lib/includes/general_util.php,  line 580
(2) function mdb2ErrorCheck, file /var/www/s2a/s2a-generate-module.php,  line 958
(3) function CreateModule, file /var/www/s2a/s2a-generate-module.php,  line 2407

- - - - -

An error of type AA Warning (# 512) happened to s2a generator at Thu, 16 Jul 2009 16:41:54 +0200.
Module 'upp', File /var/www/s2a/lib/includes/general_util.php, line 580:
_doQuery: [Error message: Could not execute statement]
[Last executed query: INSERT INTO modgt (ModuleID, Duration, _ModDate, _ModBy, _Deleted) VALUES ('upp', 0,23, NOW(), 0, 0);]
[Native code: 1136]
[Native message: Column count doesn't match value count at row 1]


backtrace:
(1) function trigger_error, file /var/www/s2a/lib/includes/general_util.php,  line 580
(2) function mdb2ErrorCheck, file /var/www/s2a/s2a-generate-module.php,  line 958
(3) function CreateModule, file /var/www/s2a/s2a-generate-module.php,  line 2407

- - - - -

An error of type AA Warning (# 512) happened to s2a generator at Thu, 16 Jul 2009 16:41:55 +0200.
Module 'usr', File /var/www/s2a/lib/includes/general_util.php, line 580:
_doQuery: [Error message: Could not execute statement]
[Last executed query: INSERT INTO modgt (ModuleID, Duration, _ModDate, _ModBy, _Deleted) VALUES ('usr', 1,04, NOW(), 0, 0);]
[Native code: 1136]
[Native message: Column count doesn't match value count at row 1]


backtrace:
(1) function trigger_error, file /var/www/s2a/lib/includes/general_util.php,  line 580
(2) function mdb2ErrorCheck, file /var/www/s2a/s2a-generate-module.php,  line 958
(3) function CreateModule, file /var/www/s2a/s2a-generate-module.php,  line 2407

- - - - -

An error of type AA Warning (# 512) happened to s2a generator at Thu, 16 Jul 2009 16:41:55 +0200.
Module 'usrds', File /var/www/s2a/lib/includes/general_util.php, line 580:
_doQuery: [Error message: Could not execute statement]
[Last executed query: INSERT INTO modgt (ModuleID, Duration, _ModDate, _ModBy, _Deleted) VALUES ('usrds', 0,29, NOW(), 0, 0);]
[Native code: 1136]
[Native message: Column count doesn't match value count at row 1]


backtrace:
(1) function trigger_error, file /var/www/s2a/lib/includes/general_util.php,  line 580
(2) function mdb2ErrorCheck, file /var/www/s2a/s2a-generate-module.php,  line 958
(3) function CreateModule, file /var/www/s2a/s2a-generate-module.php,  line 2407

- - - - -

An error of type AA Warning (# 512) happened to s2a generator at Thu, 16 Jul 2009 16:41:56 +0200.
Module 'usrg', File /var/www/s2a/lib/includes/general_util.php, line 580:
_doQuery: [Error message: Could not execute statement]
[Last executed query: INSERT INTO modgt (ModuleID, Duration, _ModDate, _ModBy, _Deleted) VALUES ('usrg', 0,58, NOW(), 0, 0);]
[Native code: 1136]
[Native message: Column count doesn't match value count at row 1]


backtrace:
(1) function trigger_error, file /var/www/s2a/lib/includes/general_util.php,  line 580
(2) function mdb2ErrorCheck, file /var/www/s2a/s2a-generate-module.php,  line 958
(3) function CreateModule, file /var/www/s2a/s2a-generate-module.php,  line 2407

- - - - -

An error of type AA Warning (# 512) happened to s2a generator at Thu, 16 Jul 2009 16:41:57 +0200.
Module 'usrgm', File /var/www/s2a/lib/includes/general_util.php, line 580:
_doQuery: [Error message: Could not execute statement]
[Last executed query: INSERT INTO modgt (ModuleID, Duration, _ModDate, _ModBy, _Deleted) VALUES ('usrgm', 0,43, NOW(), 0, 0);]
[Native code: 1136]
[Native message: Column count doesn't match value count at row 1]


backtrace:
(1) function trigger_error, file /var/www/s2a/lib/includes/general_util.php,  line 580
(2) function mdb2ErrorCheck, file /var/www/s2a/s2a-generate-module.php,  line 958
(3) function CreateModule, file /var/www/s2a/s2a-generate-module.php,  line 2407

- - - - -

An error of type AA Warning (# 512) happened to s2a generator at Thu, 16 Jul 2009 16:41:57 +0200.
Module 'usrgp', File /var/www/s2a/lib/includes/general_util.php, line 580:
_doQuery: [Error message: Could not execute statement]
[Last executed query: INSERT INTO modgt (ModuleID, Duration, _ModDate, _ModBy, _Deleted) VALUES ('usrgp', 0,48, NOW(), 0, 0);]
[Native code: 1136]
[Native message: Column count doesn't match value count at row 1]


backtrace:
(1) function trigger_error, file /var/www/s2a/lib/includes/general_util.php,  line 580
(2) function mdb2ErrorCheck, file /var/www/s2a/s2a-generate-module.php,  line 958
(3) function CreateModule, file /var/www/s2a/s2a-generate-module.php,  line 2407

- - - - -

An error of type AA Warning (# 512) happened to s2a generator at Thu, 16 Jul 2009 16:41:58 +0200.
Module 'usrl', File /var/www/s2a/lib/includes/general_util.php, line 580:
_doQuery: [Error message: Could not execute statement]
[Last executed query: INSERT INTO modgt (ModuleID, Duration, _ModDate, _ModBy, _Deleted) VALUES ('usrl', 0,72, NOW(), 0, 0);]
[Native code: 1136]
[Native message: Column count doesn't match value count at row 1]


backtrace:
(1) function trigger_error, file /var/www/s2a/lib/includes/general_util.php,  line 580
(2) function mdb2ErrorCheck, file /var/www/s2a/s2a-generate-module.php,  line 958
(3) function CreateModule, file /var/www/s2a/s2a-generate-module.php,  line 2407

- - - - -

An error of type AA Warning (# 512) happened to s2a generator at Thu, 16 Jul 2009 16:41:59 +0200.
Module 'usrp', File /var/www/s2a/lib/includes/general_util.php, line 580:
_doQuery: [Error message: Could not execute statement]
[Last executed query: INSERT INTO modgt (ModuleID, Duration, _ModDate, _ModBy, _Deleted) VALUES ('usrp', 0,53, NOW(), 0, 0);]
[Native code: 1136]
[Native message: Column count doesn't match value count at row 1]


backtrace:
(1) function trigger_error, file /var/www/s2a/lib/includes/general_util.php,  line 580
(2) function mdb2ErrorCheck, file /var/www/s2a/s2a-generate-module.php,  line 958
(3) function CreateModule, file /var/www/s2a/s2a-generate-module.php,  line 2407

- - - - -

An error of type AA Warning (# 512) happened to s2a generator at Thu, 16 Jul 2009 16:42:00 +0200.
Module 'usrpo', File /var/www/s2a/lib/includes/general_util.php, line 580:
_doQuery: [Error message: Could not execute statement]
[Last executed query: INSERT INTO modgt (ModuleID, Duration, _ModDate, _ModBy, _Deleted) VALUES ('usrpo', 0,53, NOW(), 0, 0);]
[Native code: 1136]
[Native message: Column count doesn't match value count at row 1]


backtrace:
(1) function trigger_error, file /var/www/s2a/lib/includes/general_util.php,  line 580
(2) function mdb2ErrorCheck, file /var/www/s2a/s2a-generate-module.php,  line 958
(3) function CreateModule, file /var/www/s2a/s2a-generate-module.php,  line 2407

- - - - -

An error of type AA Warning (# 512) happened to s2a generator at Thu, 16 Jul 2009 16:42:00 +0200.
Module 'ver', File /var/www/s2a/lib/includes/general_util.php, line 580:
_doQuery: [Error message: Could not execute statement]
[Last executed query: INSERT INTO modgt (ModuleID, Duration, _ModDate, _ModBy, _Deleted) VALUES ('ver', 0,19, NOW(), 0, 0);]
[Native code: 1136]
[Native message: Column count doesn't match value count at row 1]


backtrace:
(1) function trigger_error, file /var/www/s2a/lib/includes/general_util.php,  line 580
(2) function mdb2ErrorCheck, file /var/www/s2a/s2a-generate-module.php,  line 958
(3) function CreateModule, file /var/www/s2a/s2a-generate-module.php,  line 2407

- - - - -

An error of type AA Warning (# 512) happened to s2a generator at Thu, 16 Jul 2009 16:46:39 +0200.
Module 'act', File /var/www/s2a/lib/includes/general_util.php, line 580:
_doQuery: [Error message: Could not execute statement]
[Last executed query: INSERT INTO modgt (ModuleID, Duration, _ModDate, _ModBy, _Deleted) VALUES ('act', 1,18, NOW(), 0, 0);]
[Native code: 1136]
[Native message: Column count doesn't match value count at row 1]


backtrace:
(1) function trigger_error, file /var/www/s2a/lib/includes/general_util.php,  line 580
(2) function mdb2ErrorCheck, file /var/www/s2a/s2a-generate-module.php,  line 958
(3) function CreateModule, file /var/www/s2a/s2a-generate-module.php,  line 2407

- - - - -

An error of type AA Warning (# 512) happened to s2a generator at Thu, 16 Jul 2009 16:46:40 +0200.
Module 'att', File /var/www/s2a/lib/includes/general_util.php, line 580:
_doQuery: [Error message: Could not execute statement]
[Last executed query: INSERT INTO modgt (ModuleID, Duration, _ModDate, _ModBy, _Deleted) VALUES ('att', 0,73, NOW(), 0, 0);]
[Native code: 1136]
[Native message: Column count doesn't match value count at row 1]


backtrace:
(1) function trigger_error, file /var/www/s2a/lib/includes/general_util.php,  line 580
(2) function mdb2ErrorCheck, file /var/www/s2a/s2a-generate-module.php,  line 958
(3) function CreateModule, file /var/www/s2a/s2a-generate-module.php,  line 2407

- - - - -

An error of type AA Warning (# 512) happened to s2a generator at Thu, 16 Jul 2009 16:46:40 +0200.
Module 'ccs', File /var/www/s2a/lib/includes/general_util.php, line 580:
_doQuery: [Error message: Could not execute statement]
[Last executed query: INSERT INTO modgt (ModuleID, Duration, _ModDate, _ModBy, _Deleted) VALUES ('ccs', 0,33, NOW(), 0, 0);]
[Native code: 1136]
[Native message: Column count doesn't match value count at row 1]


backtrace:
(1) function trigger_error, file /var/www/s2a/lib/includes/general_util.php,  line 580
(2) function mdb2ErrorCheck, file /var/www/s2a/s2a-generate-module.php,  line 958
(3) function CreateModule, file /var/www/s2a/s2a-generate-module.php,  line 2407

- - - - -

An error of type AA Warning (# 512) happened to s2a generator at Thu, 16 Jul 2009 16:46:41 +0200.
Module 'cod', File /var/www/s2a/lib/includes/general_util.php, line 580:
_doQuery: [Error message: Could not execute statement]
[Last executed query: INSERT INTO modgt (ModuleID, Duration, _ModDate, _ModBy, _Deleted) VALUES ('cod', 0,41, NOW(), 0, 0);]
[Native code: 1136]
[Native message: Column count doesn't match value count at row 1]


backtrace:
(1) function trigger_error, file /var/www/s2a/lib/includes/general_util.php,  line 580
(2) function mdb2ErrorCheck, file /var/www/s2a/s2a-generate-module.php,  line 958
(3) function CreateModule, file /var/www/s2a/s2a-generate-module.php,  line 2407

- - - - -

An error of type AA Warning (# 512) happened to s2a generator at Thu, 16 Jul 2009 16:46:41 +0200.
Module 'codt', File /var/www/s2a/lib/includes/general_util.php, line 580:
_doQuery: [Error message: Could not execute statement]
[Last executed query: INSERT INTO modgt (ModuleID, Duration, _ModDate, _ModBy, _Deleted) VALUES ('codt', 0,53, NOW(), 0, 0);]
[Native code: 1136]
[Native message: Column count doesn't match value count at row 1]


backtrace:
(1) function trigger_error, file /var/www/s2a/lib/includes/general_util.php,  line 580
(2) function mdb2ErrorCheck, file /var/www/s2a/s2a-generate-module.php,  line 958
(3) function CreateModule, file /var/www/s2a/s2a-generate-module.php,  line 2407

- - - - -

An error of type AA Warning (# 512) happened to s2a generator at Thu, 16 Jul 2009 16:46:42 +0200.
Module 'codtd', File /var/www/s2a/lib/includes/general_util.php, line 580:
_doQuery: [Error message: Could not execute statement]
[Last executed query: INSERT INTO modgt (ModuleID, Duration, _ModDate, _ModBy, _Deleted) VALUES ('codtd', 0,45, NOW(), 0, 0);]
[Native code: 1136]
[Native message: Column count doesn't match value count at row 1]


backtrace:
(1) function trigger_error, file /var/www/s2a/lib/includes/general_util.php,  line 580
(2) function mdb2ErrorCheck, file /var/www/s2a/s2a-generate-module.php,  line 958
(3) function CreateModule, file /var/www/s2a/s2a-generate-module.php,  line 2407

- - - - -

An error of type AA Warning (# 512) happened to s2a generator at Thu, 16 Jul 2009 16:46:43 +0200.
Module 'cos', File /var/www/s2a/lib/includes/general_util.php, line 580:
_doQuery: [Error message: Could not execute statement]
[Last executed query: INSERT INTO modgt (ModuleID, Duration, _ModDate, _ModBy, _Deleted) VALUES ('cos', 1,1, NOW(), 0, 0);]
[Native code: 1136]
[Native message: Column count doesn't match value count at row 1]


backtrace:
(1) function trigger_error, file /var/www/s2a/lib/includes/general_util.php,  line 580
(2) function mdb2ErrorCheck, file /var/www/s2a/s2a-generate-module.php,  line 958
(3) function CreateModule, file /var/www/s2a/s2a-generate-module.php,  line 2407

- - - - -

An error of type AA Warning (# 512) happened to s2a generator at Thu, 16 Jul 2009 16:46:44 +0200.
Module 'cost', File /var/www/s2a/lib/includes/general_util.php, line 580:
_doQuery: [Error message: Could not execute statement]
[Last executed query: INSERT INTO modgt (ModuleID, Duration, _ModDate, _ModBy, _Deleted) VALUES ('cost', 0,49, NOW(), 0, 0);]
[Native code: 1136]
[Native message: Column count doesn't match value count at row 1]


backtrace:
(1) function trigger_error, file /var/www/s2a/lib/includes/general_util.php,  line 580
(2) function mdb2ErrorCheck, file /var/www/s2a/s2a-generate-module.php,  line 958
(3) function CreateModule, file /var/www/s2a/s2a-generate-module.php,  line 2407

- - - - -

An error of type AA Warning (# 512) happened to s2a generator at Thu, 16 Jul 2009 16:46:45 +0200.
Module 'cti', File /var/www/s2a/lib/includes/general_util.php, line 580:
_doQuery: [Error message: Could not execute statement]
[Last executed query: INSERT INTO modgt (ModuleID, Duration, _ModDate, _ModBy, _Deleted) VALUES ('cti', 0,43, NOW(), 0, 0);]
[Native code: 1136]
[Native message: Column count doesn't match value count at row 1]


backtrace:
(1) function trigger_error, file /var/www/s2a/lib/includes/general_util.php,  line 580
(2) function mdb2ErrorCheck, file /var/www/s2a/s2a-generate-module.php,  line 958
(3) function CreateModule, file /var/www/s2a/s2a-generate-module.php,  line 2407

- - - - -

An error of type AA Warning (# 512) happened to s2a generator at Thu, 16 Jul 2009 16:46:45 +0200.
Module 'ctr', File /var/www/s2a/lib/includes/general_util.php, line 580:
_doQuery: [Error message: Could not execute statement]
[Last executed query: INSERT INTO modgt (ModuleID, Duration, _ModDate, _ModBy, _Deleted) VALUES ('ctr', 0,35, NOW(), 0, 0);]
[Native code: 1136]
[Native message: Column count doesn't match value count at row 1]


backtrace:
(1) function trigger_error, file /var/www/s2a/lib/includes/general_util.php,  line 580
(2) function mdb2ErrorCheck, file /var/www/s2a/s2a-generate-module.php,  line 958
(3) function CreateModule, file /var/www/s2a/s2a-generate-module.php,  line 2407

- - - - -

An error of type AA Warning (# 512) happened to s2a generator at Thu, 16 Jul 2009 16:46:46 +0200.
Module 'dat', File /var/www/s2a/lib/includes/general_util.php, line 580:
_doQuery: [Error message: Could not execute statement]
[Last executed query: INSERT INTO modgt (ModuleID, Duration, _ModDate, _ModBy, _Deleted) VALUES ('dat', 0,69, NOW(), 0, 0);]
[Native code: 1136]
[Native message: Column count doesn't match value count at row 1]


backtrace:
(1) function trigger_error, file /var/www/s2a/lib/includes/general_util.php,  line 580
(2) function mdb2ErrorCheck, file /var/www/s2a/s2a-generate-module.php,  line 958
(3) function CreateModule, file /var/www/s2a/s2a-generate-module.php,  line 2407

- - - - -

An error of type AA Warning (# 512) happened to s2a generator at Thu, 16 Jul 2009 16:46:47 +0200.
Module 'dsbc', File /var/www/s2a/lib/includes/general_util.php, line 580:
_doQuery: [Error message: Could not execute statement]
[Last executed query: INSERT INTO modgt (ModuleID, Duration, _ModDate, _ModBy, _Deleted) VALUES ('dsbc', 0,26, NOW(), 0, 0);]
[Native code: 1136]
[Native message: Column count doesn't match value count at row 1]


backtrace:
(1) function trigger_error, file /var/www/s2a/lib/includes/general_util.php,  line 580
(2) function mdb2ErrorCheck, file /var/www/s2a/s2a-generate-module.php,  line 958
(3) function CreateModule, file /var/www/s2a/s2a-generate-module.php,  line 2407

- - - - -

An error of type AA Warning (# 512) happened to s2a generator at Thu, 16 Jul 2009 16:46:47 +0200.
Module 'dsbcc', File /var/www/s2a/lib/includes/general_util.php, line 580:
_doQuery: [Error message: Could not execute statement]
[Last executed query: INSERT INTO modgt (ModuleID, Duration, _ModDate, _ModBy, _Deleted) VALUES ('dsbcc', 0,25, NOW(), 0, 0);]
[Native code: 1136]
[Native message: Column count doesn't match value count at row 1]


backtrace:
(1) function trigger_error, file /var/www/s2a/lib/includes/general_util.php,  line 580
(2) function mdb2ErrorCheck, file /var/www/s2a/s2a-generate-module.php,  line 958
(3) function CreateModule, file /var/www/s2a/s2a-generate-module.php,  line 2407

- - - - -

An error of type AA Warning (# 512) happened to s2a generator at Thu, 16 Jul 2009 16:46:48 +0200.
Module 'glo', File /var/www/s2a/lib/includes/general_util.php, line 580:
_doQuery: [Error message: Could not execute statement]
[Last executed query: INSERT INTO modgt (ModuleID, Duration, _ModDate, _ModBy, _Deleted) VALUES ('glo', 0,64, NOW(), 0, 0);]
[Native code: 1136]
[Native message: Column count doesn't match value count at row 1]


backtrace:
(1) function trigger_error, file /var/www/s2a/lib/includes/general_util.php,  line 580
(2) function mdb2ErrorCheck, file /var/www/s2a/s2a-generate-module.php,  line 958
(3) function CreateModule, file /var/www/s2a/s2a-generate-module.php,  line 2407

- - - - -

An error of type AA Warning (# 512) happened to s2a generator at Thu, 16 Jul 2009 16:46:49 +0200.
Module 'inv', File /var/www/s2a/lib/includes/general_util.php, line 580:
_doQuery: [Error message: Could not execute statement]
[Last executed query: INSERT INTO modgt (ModuleID, Duration, _ModDate, _ModBy, _Deleted) VALUES ('inv', 0,92, NOW(), 0, 0);]
[Native code: 1136]
[Native message: Column count doesn't match value count at row 1]


backtrace:
(1) function trigger_error, file /var/www/s2a/lib/includes/general_util.php,  line 580
(2) function mdb2ErrorCheck, file /var/www/s2a/s2a-generate-module.php,  line 958
(3) function CreateModule, file /var/www/s2a/s2a-generate-module.php,  line 2407

- - - - -

An error of type AA Warning (# 512) happened to s2a generator at Thu, 16 Jul 2009 16:46:50 +0200.
Module 'lnk', File /var/www/s2a/lib/includes/general_util.php, line 580:
_doQuery: [Error message: Could not execute statement]
[Last executed query: INSERT INTO modgt (ModuleID, Duration, _ModDate, _ModBy, _Deleted) VALUES ('lnk', 0,71, NOW(), 0, 0);]
[Native code: 1136]
[Native message: Column count doesn't match value count at row 1]


backtrace:
(1) function trigger_error, file /var/www/s2a/lib/includes/general_util.php,  line 580
(2) function mdb2ErrorCheck, file /var/www/s2a/s2a-generate-module.php,  line 958
(3) function CreateModule, file /var/www/s2a/s2a-generate-module.php,  line 2407

- - - - -

An error of type AA Warning (# 512) happened to s2a generator at Thu, 16 Jul 2009 16:46:51 +0200.
Module 'mod', File /var/www/s2a/lib/includes/general_util.php, line 580:
_doQuery: [Error message: Could not execute statement]
[Last executed query: INSERT INTO modgt (ModuleID, Duration, _ModDate, _ModBy, _Deleted) VALUES ('mod', 0,88, NOW(), 0, 0);]
[Native code: 1136]
[Native message: Column count doesn't match value count at row 1]


backtrace:
(1) function trigger_error, file /var/www/s2a/lib/includes/general_util.php,  line 580
(2) function mdb2ErrorCheck, file /var/www/s2a/s2a-generate-module.php,  line 958
(3) function CreateModule, file /var/www/s2a/s2a-generate-module.php,  line 2407

- - - - -

An error of type AA Warning (# 512) happened to s2a generator at Thu, 16 Jul 2009 16:46:51 +0200.
Module 'modch', File /var/www/s2a/lib/includes/general_util.php, line 580:
_doQuery: [Error message: Could not execute statement]
[Last executed query: INSERT INTO modgt (ModuleID, Duration, _ModDate, _ModBy, _Deleted) VALUES ('modch', 0,29, NOW(), 0, 0);]
[Native code: 1136]
[Native message: Column count doesn't match value count at row 1]


backtrace:
(1) function trigger_error, file /var/www/s2a/lib/includes/general_util.php,  line 580
(2) function mdb2ErrorCheck, file /var/www/s2a/s2a-generate-module.php,  line 958
(3) function CreateModule, file /var/www/s2a/s2a-generate-module.php,  line 2407

- - - - -

An error of type AA Warning (# 512) happened to s2a generator at Thu, 16 Jul 2009 16:46:52 +0200.
Module 'modd', File /var/www/s2a/lib/includes/general_util.php, line 580:
_doQuery: [Error message: Could not execute statement]
[Last executed query: INSERT INTO modgt (ModuleID, Duration, _ModDate, _ModBy, _Deleted) VALUES ('modd', 0,52, NOW(), 0, 0);]
[Native code: 1136]
[Native message: Column count doesn't match value count at row 1]


backtrace:
(1) function trigger_error, file /var/www/s2a/lib/includes/general_util.php,  line 580
(2) function mdb2ErrorCheck, file /var/www/s2a/s2a-generate-module.php,  line 958
(3) function CreateModule, file /var/www/s2a/s2a-generate-module.php,  line 2407

- - - - -

An error of type AA Warning (# 512) happened to s2a generator at Thu, 16 Jul 2009 16:46:53 +0200.
Module 'modgt', File /var/www/s2a/lib/includes/general_util.php, line 580:
_doQuery: [Error message: Could not execute statement]
[Last executed query: INSERT INTO modgt (ModuleID, Duration, _ModDate, _ModBy, _Deleted) VALUES ('modgt', 0,29, NOW(), 0, 0);]
[Native code: 1136]
[Native message: Column count doesn't match value count at row 1]


backtrace:
(1) function trigger_error, file /var/www/s2a/lib/includes/general_util.php,  line 580
(2) function mdb2ErrorCheck, file /var/www/s2a/s2a-generate-module.php,  line 958
(3) function CreateModule, file /var/www/s2a/s2a-generate-module.php,  line 2407

- - - - -

An error of type AA Warning (# 512) happened to s2a generator at Thu, 16 Jul 2009 16:46:53 +0200.
Module 'modrp', File /var/www/s2a/lib/includes/general_util.php, line 580:
_doQuery: [Error message: Could not execute statement]
[Last executed query: INSERT INTO modgt (ModuleID, Duration, _ModDate, _ModBy, _Deleted) VALUES ('modrp', 0,32, NOW(), 0, 0);]
[Native code: 1136]
[Native message: Column count doesn't match value count at row 1]


backtrace:
(1) function trigger_error, file /var/www/s2a/lib/includes/general_util.php,  line 580
(2) function mdb2ErrorCheck, file /var/www/s2a/s2a-generate-module.php,  line 958
(3) function CreateModule, file /var/www/s2a/s2a-generate-module.php,  line 2407

- - - - -

An error of type AA Warning (# 512) happened to s2a generator at Thu, 16 Jul 2009 16:46:54 +0200.
Module 'nts', File /var/www/s2a/lib/includes/general_util.php, line 580:
_doQuery: [Error message: Could not execute statement]
[Last executed query: INSERT INTO modgt (ModuleID, Duration, _ModDate, _ModBy, _Deleted) VALUES ('nts', 0,84, NOW(), 0, 0);]
[Native code: 1136]
[Native message: Column count doesn't match value count at row 1]


backtrace:
(1) function trigger_error, file /var/www/s2a/lib/includes/general_util.php,  line 580
(2) function mdb2ErrorCheck, file /var/www/s2a/s2a-generate-module.php,  line 958
(3) function CreateModule, file /var/www/s2a/s2a-generate-module.php,  line 2407

- - - - -

An error of type AA Warning (# 512) happened to s2a generator at Thu, 16 Jul 2009 16:46:55 +0200.
Module 'org', File /var/www/s2a/lib/includes/general_util.php, line 580:
_doQuery: [Error message: Could not execute statement]
[Last executed query: INSERT INTO modgt (ModuleID, Duration, _ModDate, _ModBy, _Deleted) VALUES ('org', 1,23, NOW(), 0, 0);]
[Native code: 1136]
[Native message: Column count doesn't match value count at row 1]


backtrace:
(1) function trigger_error, file /var/www/s2a/lib/includes/general_util.php,  line 580
(2) function mdb2ErrorCheck, file /var/www/s2a/s2a-generate-module.php,  line 958
(3) function CreateModule, file /var/www/s2a/s2a-generate-module.php,  line 2407

- - - - -

An error of type AA Warning (# 512) happened to s2a generator at Thu, 16 Jul 2009 16:46:57 +0200.
Module 'ppl', File /var/www/s2a/lib/includes/general_util.php, line 580:
_doQuery: [Error message: Could not execute statement]
[Last executed query: INSERT INTO modgt (ModuleID, Duration, _ModDate, _ModBy, _Deleted) VALUES ('ppl', 1,04, NOW(), 0, 0);]
[Native code: 1136]
[Native message: Column count doesn't match value count at row 1]


backtrace:
(1) function trigger_error, file /var/www/s2a/lib/includes/general_util.php,  line 580
(2) function mdb2ErrorCheck, file /var/www/s2a/s2a-generate-module.php,  line 958
(3) function CreateModule, file /var/www/s2a/s2a-generate-module.php,  line 2407

- - - - -

An error of type AA Warning (# 512) happened to s2a generator at Thu, 16 Jul 2009 16:46:57 +0200.
Module 'rdc', File /var/www/s2a/lib/includes/general_util.php, line 580:
_doQuery: [Error message: Could not execute statement]
[Last executed query: INSERT INTO modgt (ModuleID, Duration, _ModDate, _ModBy, _Deleted) VALUES ('rdc', 0,5, NOW(), 0, 0);]
[Native code: 1136]
[Native message: Column count doesn't match value count at row 1]


backtrace:
(1) function trigger_error, file /var/www/s2a/lib/includes/general_util.php,  line 580
(2) function mdb2ErrorCheck, file /var/www/s2a/s2a-generate-module.php,  line 958
(3) function CreateModule, file /var/www/s2a/s2a-generate-module.php,  line 2407

- - - - -

An error of type AA Warning (# 512) happened to s2a generator at Thu, 16 Jul 2009 16:46:58 +0200.
Module 'smc', File /var/www/s2a/lib/includes/general_util.php, line 580:
_doQuery: [Error message: Could not execute statement]
[Last executed query: INSERT INTO modgt (ModuleID, Duration, _ModDate, _ModBy, _Deleted) VALUES ('smc', 0,23, NOW(), 0, 0);]
[Native code: 1136]
[Native message: Column count doesn't match value count at row 1]


backtrace:
(1) function trigger_error, file /var/www/s2a/lib/includes/general_util.php,  line 580
(2) function mdb2ErrorCheck, file /var/www/s2a/s2a-generate-module.php,  line 958
(3) function CreateModule, file /var/www/s2a/s2a-generate-module.php,  line 2407

- - - - -

An error of type AA Warning (# 512) happened to s2a generator at Thu, 16 Jul 2009 16:46:59 +0200.
Module 'spt', File /var/www/s2a/lib/includes/general_util.php, line 580:
_doQuery: [Error message: Could not execute statement]
[Last executed query: INSERT INTO modgt (ModuleID, Duration, _ModDate, _ModBy, _Deleted) VALUES ('spt', 0,89, NOW(), 0, 0);]
[Native code: 1136]
[Native message: Column count doesn't match value count at row 1]


backtrace:
(1) function trigger_error, file /var/www/s2a/lib/includes/general_util.php,  line 580
(2) function mdb2ErrorCheck, file /var/www/s2a/s2a-generate-module.php,  line 958
(3) function CreateModule, file /var/www/s2a/s2a-generate-module.php,  line 2407

- - - - -

An error of type AA Warning (# 512) happened to s2a generator at Thu, 16 Jul 2009 16:47:00 +0200.
Module 'spts', File /var/www/s2a/lib/includes/general_util.php, line 580:
_doQuery: [Error message: Could not execute statement]
[Last executed query: INSERT INTO modgt (ModuleID, Duration, _ModDate, _ModBy, _Deleted) VALUES ('spts', 0,55, NOW(), 0, 0);]
[Native code: 1136]
[Native message: Column count doesn't match value count at row 1]


backtrace:
(1) function trigger_error, file /var/www/s2a/lib/includes/general_util.php,  line 580
(2) function mdb2ErrorCheck, file /var/www/s2a/s2a-generate-module.php,  line 958
(3) function CreateModule, file /var/www/s2a/s2a-generate-module.php,  line 2407

- - - - -

An error of type AA Warning (# 512) happened to s2a generator at Thu, 16 Jul 2009 16:47:00 +0200.
Module 'sta', File /var/www/s2a/lib/includes/general_util.php, line 580:
_doQuery: [Error message: Could not execute statement]
[Last executed query: INSERT INTO modgt (ModuleID, Duration, _ModDate, _ModBy, _Deleted) VALUES ('sta', 0,4, NOW(), 0, 0);]
[Native code: 1136]
[Native message: Column count doesn't match value count at row 1]


backtrace:
(1) function trigger_error, file /var/www/s2a/lib/includes/general_util.php,  line 580
(2) function mdb2ErrorCheck, file /var/www/s2a/s2a-generate-module.php,  line 958
(3) function CreateModule, file /var/www/s2a/s2a-generate-module.php,  line 2407

- - - - -

An error of type AA Warning (# 512) happened to s2a generator at Thu, 16 Jul 2009 16:47:01 +0200.
Module 'trx', File /var/www/s2a/lib/includes/general_util.php, line 580:
_doQuery: [Error message: Could not execute statement]
[Last executed query: INSERT INTO modgt (ModuleID, Duration, _ModDate, _ModBy, _Deleted) VALUES ('trx', 0,42, NOW(), 0, 0);]
[Native code: 1136]
[Native message: Column count doesn't match value count at row 1]


backtrace:
(1) function trigger_error, file /var/www/s2a/lib/includes/general_util.php,  line 580
(2) function mdb2ErrorCheck, file /var/www/s2a/s2a-generate-module.php,  line 958
(3) function CreateModule, file /var/www/s2a/s2a-generate-module.php,  line 2407

- - - - -

An error of type AA Warning (# 512) happened to s2a generator at Thu, 16 Jul 2009 16:47:01 +0200.
Module 'trxr', File /var/www/s2a/lib/includes/general_util.php, line 580:
_doQuery: [Error message: Could not execute statement]
[Last executed query: INSERT INTO modgt (ModuleID, Duration, _ModDate, _ModBy, _Deleted) VALUES ('trxr', 0,39, NOW(), 0, 0);]
[Native code: 1136]
[Native message: Column count doesn't match value count at row 1]


backtrace:
(1) function trigger_error, file /var/www/s2a/lib/includes/general_util.php,  line 580
(2) function mdb2ErrorCheck, file /var/www/s2a/s2a-generate-module.php,  line 958
(3) function CreateModule, file /var/www/s2a/s2a-generate-module.php,  line 2407

- - - - -

An error of type AA Warning (# 512) happened to s2a generator at Thu, 16 Jul 2009 16:47:02 +0200.
Module 'tut', File /var/www/s2a/lib/includes/general_util.php, line 580:
_doQuery: [Error message: Could not execute statement]
[Last executed query: INSERT INTO modgt (ModuleID, Duration, _ModDate, _ModBy, _Deleted) VALUES ('tut', 0,2, NOW(), 0, 0);]
[Native code: 1136]
[Native message: Column count doesn't match value count at row 1]


backtrace:
(1) function trigger_error, file /var/www/s2a/lib/includes/general_util.php,  line 580
(2) function mdb2ErrorCheck, file /var/www/s2a/s2a-generate-module.php,  line 958
(3) function CreateModule, file /var/www/s2a/s2a-generate-module.php,  line 2407

- - - - -

An error of type AA Warning (# 512) happened to s2a generator at Thu, 16 Jul 2009 16:47:02 +0200.
Module 'upp', File /var/www/s2a/lib/includes/general_util.php, line 580:
_doQuery: [Error message: Could not execute statement]
[Last executed query: INSERT INTO modgt (ModuleID, Duration, _ModDate, _ModBy, _Deleted) VALUES ('upp', 0,23, NOW(), 0, 0);]
[Native code: 1136]
[Native message: Column count doesn't match value count at row 1]


backtrace:
(1) function trigger_error, file /var/www/s2a/lib/includes/general_util.php,  line 580
(2) function mdb2ErrorCheck, file /var/www/s2a/s2a-generate-module.php,  line 958
(3) function CreateModule, file /var/www/s2a/s2a-generate-module.php,  line 2407

- - - - -

An error of type AA Warning (# 512) happened to s2a generator at Thu, 16 Jul 2009 16:47:03 +0200.
Module 'usr', File /var/www/s2a/lib/includes/general_util.php, line 580:
_doQuery: [Error message: Could not execute statement]
[Last executed query: INSERT INTO modgt (ModuleID, Duration, _ModDate, _ModBy, _Deleted) VALUES ('usr', 1,01, NOW(), 0, 0);]
[Native code: 1136]
[Native message: Column count doesn't match value count at row 1]


backtrace:
(1) function trigger_error, file /var/www/s2a/lib/includes/general_util.php,  line 580
(2) function mdb2ErrorCheck, file /var/www/s2a/s2a-generate-module.php,  line 958
(3) function CreateModule, file /var/www/s2a/s2a-generate-module.php,  line 2407

- - - - -

An error of type AA Warning (# 512) happened to s2a generator at Thu, 16 Jul 2009 16:47:04 +0200.
Module 'usrds', File /var/www/s2a/lib/includes/general_util.php, line 580:
_doQuery: [Error message: Could not execute statement]
[Last executed query: INSERT INTO modgt (ModuleID, Duration, _ModDate, _ModBy, _Deleted) VALUES ('usrds', 0,36, NOW(), 0, 0);]
[Native code: 1136]
[Native message: Column count doesn't match value count at row 1]


backtrace:
(1) function trigger_error, file /var/www/s2a/lib/includes/general_util.php,  line 580
(2) function mdb2ErrorCheck, file /var/www/s2a/s2a-generate-module.php,  line 958
(3) function CreateModule, file /var/www/s2a/s2a-generate-module.php,  line 2407

- - - - -

An error of type AA Warning (# 512) happened to s2a generator at Thu, 16 Jul 2009 16:47:05 +0200.
Module 'usrg', File /var/www/s2a/lib/includes/general_util.php, line 580:
_doQuery: [Error message: Could not execute statement]
[Last executed query: INSERT INTO modgt (ModuleID, Duration, _ModDate, _ModBy, _Deleted) VALUES ('usrg', 0,59, NOW(), 0, 0);]
[Native code: 1136]
[Native message: Column count doesn't match value count at row 1]


backtrace:
(1) function trigger_error, file /var/www/s2a/lib/includes/general_util.php,  line 580
(2) function mdb2ErrorCheck, file /var/www/s2a/s2a-generate-module.php,  line 958
(3) function CreateModule, file /var/www/s2a/s2a-generate-module.php,  line 2407

- - - - -

An error of type AA Warning (# 512) happened to s2a generator at Thu, 16 Jul 2009 16:47:05 +0200.
Module 'usrgm', File /var/www/s2a/lib/includes/general_util.php, line 580:
_doQuery: [Error message: Could not execute statement]
[Last executed query: INSERT INTO modgt (ModuleID, Duration, _ModDate, _ModBy, _Deleted) VALUES ('usrgm', 0,41, NOW(), 0, 0);]
[Native code: 1136]
[Native message: Column count doesn't match value count at row 1]


backtrace:
(1) function trigger_error, file /var/www/s2a/lib/includes/general_util.php,  line 580
(2) function mdb2ErrorCheck, file /var/www/s2a/s2a-generate-module.php,  line 958
(3) function CreateModule, file /var/www/s2a/s2a-generate-module.php,  line 2407

- - - - -

An error of type AA Warning (# 512) happened to s2a generator at Thu, 16 Jul 2009 16:47:06 +0200.
Module 'usrgp', File /var/www/s2a/lib/includes/general_util.php, line 580:
_doQuery: [Error message: Could not execute statement]
[Last executed query: INSERT INTO modgt (ModuleID, Duration, _ModDate, _ModBy, _Deleted) VALUES ('usrgp', 0,47, NOW(), 0, 0);]
[Native code: 1136]
[Native message: Column count doesn't match value count at row 1]


backtrace:
(1) function trigger_error, file /var/www/s2a/lib/includes/general_util.php,  line 580
(2) function mdb2ErrorCheck, file /var/www/s2a/s2a-generate-module.php,  line 958
(3) function CreateModule, file /var/www/s2a/s2a-generate-module.php,  line 2407

- - - - -

An error of type AA Warning (# 512) happened to s2a generator at Thu, 16 Jul 2009 16:47:07 +0200.
Module 'usrl', File /var/www/s2a/lib/includes/general_util.php, line 580:
_doQuery: [Error message: Could not execute statement]
[Last executed query: INSERT INTO modgt (ModuleID, Duration, _ModDate, _ModBy, _Deleted) VALUES ('usrl', 0,59, NOW(), 0, 0);]
[Native code: 1136]
[Native message: Column count doesn't match value count at row 1]


backtrace:
(1) function trigger_error, file /var/www/s2a/lib/includes/general_util.php,  line 580
(2) function mdb2ErrorCheck, file /var/www/s2a/s2a-generate-module.php,  line 958
(3) function CreateModule, file /var/www/s2a/s2a-generate-module.php,  line 2407

- - - - -

An error of type AA Warning (# 512) happened to s2a generator at Thu, 16 Jul 2009 16:47:08 +0200.
Module 'usrp', File /var/www/s2a/lib/includes/general_util.php, line 580:
_doQuery: [Error message: Could not execute statement]
[Last executed query: INSERT INTO modgt (ModuleID, Duration, _ModDate, _ModBy, _Deleted) VALUES ('usrp', 0,53, NOW(), 0, 0);]
[Native code: 1136]
[Native message: Column count doesn't match value count at row 1]


backtrace:
(1) function trigger_error, file /var/www/s2a/lib/includes/general_util.php,  line 580
(2) function mdb2ErrorCheck, file /var/www/s2a/s2a-generate-module.php,  line 958
(3) function CreateModule, file /var/www/s2a/s2a-generate-module.php,  line 2407

- - - - -

An error of type AA Warning (# 512) happened to s2a generator at Thu, 16 Jul 2009 16:47:08 +0200.
Module 'usrpo', File /var/www/s2a/lib/includes/general_util.php, line 580:
_doQuery: [Error message: Could not execute statement]
[Last executed query: INSERT INTO modgt (ModuleID, Duration, _ModDate, _ModBy, _Deleted) VALUES ('usrpo', 0,42, NOW(), 0, 0);]
[Native code: 1136]
[Native message: Column count doesn't match value count at row 1]


backtrace:
(1) function trigger_error, file /var/www/s2a/lib/includes/general_util.php,  line 580
(2) function mdb2ErrorCheck, file /var/www/s2a/s2a-generate-module.php,  line 958
(3) function CreateModule, file /var/www/s2a/s2a-generate-module.php,  line 2407

- - - - -

An error of type AA Warning (# 512) happened to s2a generator at Thu, 16 Jul 2009 16:47:09 +0200.
Module 'ver', File /var/www/s2a/lib/includes/general_util.php, line 580:
_doQuery: [Error message: Could not execute statement]
[Last executed query: INSERT INTO modgt (ModuleID, Duration, _ModDate, _ModBy, _Deleted) VALUES ('ver', 0,2, NOW(), 0, 0);]
[Native code: 1136]
[Native message: Column count doesn't match value count at row 1]


backtrace:
(1) function trigger_error, file /var/www/s2a/lib/includes/general_util.php,  line 580
(2) function mdb2ErrorCheck, file /var/www/s2a/s2a-generate-module.php,  line 958
(3) function CreateModule, file /var/www/s2a/s2a-generate-module.php,  line 2407

- - - - -

