s2a starting at Thu, 16 Jul 2009 16:46:37 +0200
arguments: s2a.php -t -l pl_PL
act   : generate-module: Created module act in 1,18 s.
att   : generate-module: Created module att in 0,73 s.
ccs   : generate-module: Created module ccs in 0,33 s.
cod   : generate-module: Created module cod in 0,41 s.
codt  : generate-module: Created module codt in 0,53 s.
codtd : generate-module: Created module codtd in 0,45 s.
cos   : generate-module: Created module cos in 1,1 s.
cost  : generate-module: Created module cost in 0,49 s.
cti   : generate-module: Created module cti in 0,43 s.
ctr   : generate-module: Created module ctr in 0,35 s.
dat   : generate-module: Created module dat in 0,69 s.
dsbc  : generate-module: Created module dsbc in 0,26 s.
dsbcc : generate-module: Created module dsbcc in 0,25 s.
glo   : generate-module: Created module glo in 0,64 s.
inv   : generate-module: Created module inv in 0,92 s.
lnk   : generate-module: Created module lnk in 0,71 s.
mod   : generate-module: Created module mod in 0,88 s.
modch : generate-module: Created module modch in 0,29 s.
modd  : generate-module: Created module modd in 0,52 s.
modgt : generate-module: Created module modgt in 0,29 s.
modrp : generate-module: Created module modrp in 0,32 s.
nts   : generate-module: Created module nts in 0,84 s.
org   : generate-module: Created module org in 1,23 s.
ppl   : generate-module: Created module ppl in 1,04 s.
rdc   : generate-module: Created module rdc in 0,5 s.
smc   : generate-module: Created module smc in 0,23 s.
spt   : generate-module: Created module spt in 0,89 s.
spts  : generate-module: Created module spts in 0,55 s.
sta   : generate-module: Created module sta in 0,4 s.
trx   : generate-module: Created module trx in 0,42 s.
trxr  : generate-module: Created module trxr in 0,39 s.
tut   : generate-module: Created module tut in 0,2 s.
upp   : generate-module: Created module upp in 0,23 s.
usr   : generate-module: Created module usr in 1,01 s.
usrds : generate-module: Created module usrds in 0,36 s.
usrg  : generate-module: Created module usrg in 0,59 s.
usrgm : generate-module: Created module usrgm in 0,41 s.
usrgp : generate-module: Created module usrgp in 0,47 s.
usrl  : generate-module: Created module usrl in 0,59 s.
usrp  : generate-module: Created module usrp in 0,53 s.
usrpo : generate-module: Created module usrpo in 0,42 s.
ver   : generate-module: Created module ver in 0,2 s.
