s2a starting at Thu, 16 Jul 2009 16:41:27 +0200
arguments: s2a.php -t -l pl_PL
act   : generate-module: Created module act in 1,47 s.
att   : generate-module: Created module att in 0,73 s.
ccs   : generate-module: Created module ccs in 0,23 s.
cod   : generate-module: Created module cod in 0,36 s.
codt  : generate-module: Created module codt in 0,56 s.
codtd : generate-module: Created module codtd in 0,45 s.
cos   : generate-module: Created module cos in 1,09 s.
cost  : generate-module: Created module cost in 0,55 s.
cti   : generate-module: Created module cti in 0,41 s.
ctr   : generate-module: Created module ctr in 0,42 s.
dat   : generate-module: Created module dat in 0,71 s.
dsbc  : generate-module: Created module dsbc in 0,3 s.
dsbcc : generate-module: Created module dsbcc in 0,28 s.
glo   : generate-module: Created module glo in 0,49 s.
inv   : generate-module: Created module inv in 0,81 s.
lnk   : generate-module: Created module lnk in 0,7 s.
mod   : generate-module: Created module mod in 0,88 s.
modch : generate-module: Created module modch in 0,33 s.
modd  : generate-module: Created module modd in 0,53 s.
modgt : generate-module: Created module modgt in 0,33 s.
modrp : generate-module: Created module modrp in 0,34 s.
nts   : generate-module: Created module nts in 0,82 s.
org   : generate-module: Created module org in 1,55 s.
ppl   : generate-module: Created module ppl in 1,18 s.
rdc   : generate-module: Created module rdc in 0,54 s.
smc   : generate-module: Created module smc in 0,24 s.
spt   : generate-module: Created module spt in 0,69 s.
spts  : generate-module: Created module spts in 0,52 s.
sta   : generate-module: Created module sta in 0,64 s.
trx   : generate-module: Created module trx in 0,42 s.
trxr  : generate-module: Created module trxr in 0,84 s.
tut   : generate-module: Created module tut in 0,17 s.
upp   : generate-module: Created module upp in 0,23 s.
usr   : generate-module: Created module usr in 1,04 s.
usrds : generate-module: Created module usrds in 0,29 s.
usrg  : generate-module: Created module usrg in 0,58 s.
usrgm : generate-module: Created module usrgm in 0,43 s.
usrgp : generate-module: Created module usrgp in 0,48 s.
usrl  : generate-module: Created module usrl in 0,72 s.
usrp  : generate-module: Created module usrp in 0,53 s.
usrpo : generate-module: Created module usrpo in 0,53 s.
ver   : generate-module: Created module ver in 0,19 s.
